<?xml version="1.0" encoding="UTF-8"?>
<testng-results skipped="0" failed="1" total="1" passed="0">
  <reporter-output>
  </reporter-output>
  <suite name="Default suite" duration-ms="12327" started-at="2017-11-07T09:11:24Z" finished-at="2017-11-07T09:11:37Z">
    <groups>
    </groups>
    <test name="Default test" duration-ms="12327" started-at="2017-11-07T09:11:24Z" finished-at="2017-11-07T09:11:37Z">
      <class name="test.java.TrendingnowTest">
        <test-method status="PASS" signature="configBc()[pri:0, instance:test.java.TrendingnowTest@51efea79]" name="configBc" is-config="true" duration-ms="11785" started-at="2017-11-07T14:41:24Z" finished-at="2017-11-07T14:41:36Z">
          <reporter-output>
          </reporter-output>
        </test-method> <!-- configBc -->
        <test-method status="PASS" signature="configBm()[pri:0, instance:test.java.TrendingnowTest@51efea79]" name="configBm" is-config="true" duration-ms="11" started-at="2017-11-07T14:41:36Z" finished-at="2017-11-07T14:41:36Z">
          <reporter-output>
          </reporter-output>
        </test-method> <!-- configBm -->
        <test-method status="FAIL" signature="KsTest()[pri:0, instance:test.java.TrendingnowTest@51efea79]" name="KsTest" duration-ms="36" started-at="2017-11-07T14:41:36Z" finished-at="2017-11-07T14:41:36Z">
          <exception class="java.lang.NullPointerException">
            <full-stacktrace>
              <![CDATA[java.lang.NullPointerException
	at main.java.ObjectRepository.Trendingnow.Srch(Trendingnow.java:27)
	at test.java.TrendingnowTest.KsTest(TrendingnowTest.java:20)
	at sun.reflect.NativeMethodAccessorImpl.invoke0(Native Method)
	at sun.reflect.NativeMethodAccessorImpl.invoke(Unknown Source)
	at sun.reflect.DelegatingMethodAccessorImpl.invoke(Unknown Source)
	at java.lang.reflect.Method.invoke(Unknown Source)
	at org.testng.internal.MethodInvocationHelper.invokeMethod(MethodInvocationHelper.java:85)
	at org.testng.internal.Invoker.invokeMethod(Invoker.java:639)
	at org.testng.internal.Invoker.invokeTestMethod(Invoker.java:816)
	at org.testng.internal.Invoker.invokeTestMethods(Invoker.java:1124)
	at org.testng.internal.TestMethodWorker.invokeTestMethods(TestMethodWorker.java:125)
	at org.testng.internal.TestMethodWorker.run(TestMethodWorker.java:108)
	at org.testng.TestRunner.privateRun(TestRunner.java:774)
	at org.testng.TestRunner.run(TestRunner.java:624)
	at org.testng.SuiteRunner.runTest(SuiteRunner.java:359)
	at org.testng.SuiteRunner.runSequentially(SuiteRunner.java:354)
	at org.testng.SuiteRunner.privateRun(SuiteRunner.java:312)
	at org.testng.SuiteRunner.run(SuiteRunner.java:261)
	at org.testng.SuiteRunnerWorker.runSuite(SuiteRunnerWorker.java:52)
	at org.testng.SuiteRunnerWorker.run(SuiteRunnerWorker.java:86)
	at org.testng.TestNG.runSuitesSequentially(TestNG.java:1215)
	at org.testng.TestNG.runSuitesLocally(TestNG.java:1140)
	at org.testng.TestNG.run(TestNG.java:1048)
	at org.testng.remote.AbstractRemoteTestNG.run(AbstractRemoteTestNG.java:132)
	at org.testng.remote.RemoteTestNG.initAndRun(RemoteTestNG.java:230)
	at org.testng.remote.RemoteTestNG.main(RemoteTestNG.java:76)
]]>
            </full-stacktrace>
          </exception> <!-- java.lang.NullPointerException -->
          <reporter-output>
          </reporter-output>
        </test-method> <!-- KsTest -->
        <test-method status="PASS" signature="configAm()[pri:0, instance:test.java.TrendingnowTest@51efea79]" name="configAm" is-config="true" duration-ms="1" started-at="2017-11-07T14:41:36Z" finished-at="2017-11-07T14:41:36Z">
          <reporter-output>
          </reporter-output>
        </test-method> <!-- configAm -->
        <test-method status="PASS" signature="configAc()[pri:0, instance:test.java.TrendingnowTest@51efea79]" name="configAc" is-config="true" duration-ms="418" started-at="2017-11-07T14:41:36Z" finished-at="2017-11-07T14:41:37Z">
          <reporter-output>
          </reporter-output>
        </test-method> <!-- configAc -->
      </class> <!-- test.java.TrendingnowTest -->
    </test> <!-- Default test -->
  </suite> <!-- Default suite -->
</testng-results>
